{
  "RSpec": {
    "coverage": {
      "/Users/delton/WorkSpace/Midori/midori-contrib/lib/midori-contrib/file.rb": [
        null,
        null,
        1,
        null,
        null,
        1,
        4,
        null,
        null,
        null,
        null,
        1,
        1,
        1,
        1,
        2,
        1,
        1,
        null,
        1,
        null,
        null,
        null,
        null,
        null,
        null,
        null,
        1,
        1,
        1,
        1,
        1,
        1,
        1,
        1,
        null,
        null,
        null,
        null,
        null,
        null,
        null,
        1,
        1,
        null,
        null,
        null,
        1,
        3,
        null,
        null
      ],
      "/Users/delton/WorkSpace/Midori/midori-contrib/lib/midori-contrib/net.rb": [
        1,
        null,
        null,
        null,
        1,
        null,
        null,
        1,
        0,
        0,
        0,
        0,
        0,
        null,
        null,
        null,
        null,
        null,
        1,
        0,
        0,
        null,
        0,
        null,
        0,
        null,
        null,
        null,
        null,
        null,
        null,
        0,
        null,
        null,
        null,
        null,
        0,
        null,
        null,
        null,
        null,
        null
      ],
      "/Users/delton/WorkSpace/Midori/midori-contrib/lib/midori-contrib/sequel/mysql2.rb": [
        1,
        1,
        null,
        null,
        1,
        null,
        null,
        null,
        1,
        null,
        1,
        null,
        1,
        null,
        null,
        null,
        null,
        null,
        null,
        null,
        1,
        17,
        null,
        17,
        17,
        17,
        0,
        null,
        null,
        17,
        null,
        0,
        null,
        0,
        0,
        0,
        null,
        null,
        null,
        17,
        17,
        0,
        null,
        null,
        null,
        null,
        0,
        null,
        null,
        17,
        3,
        null,
        17,
        17,
        17,
        17,
        34,
        null,
        17,
        17,
        null,
        null,
        null,
        null,
        null,
        null,
        17,
        17,
        17,
        null,
        1,
        1,
        null,
        null,
        null,
        null,
        null,
        null,
        null,
        null,
        16,
        3,
        3,
        0,
        0,
        null,
        null,
        null,
        null,
        0,
        null,
        null,
        3,
        null,
        null,
        13,
        13,
        null,
        1,
        1,
        null,
        17,
        0,
        0,
        null,
        null,
        17,
        null,
        null,
        null,
        null
      ],
      "/Users/delton/WorkSpace/Midori/midori-contrib/lib/midori-contrib/redic.rb": [
        null,
        null,
        1,
        1,
        null,
        1,
        1,
        null,
        1,
        null,
        1,
        null,
        null,
        null,
        1,
        null,
        null,
        1,
        null,
        null,
        1,
        2,
        2,
        2,
        2,
        2,
        29,
        null,
        2,
        null,
        29,
        null,
        2,
        2,
        null,
        null,
        null,
        null,
        null,
        1,
        1,
        2,
        2,
        2,
        5,
        5,
        5,
        null,
        2,
        2,
        2,
        null,
        null,
        1,
        2,
        2,
        2,
        2,
        2,
        null,
        null,
        null,
        null,
        null,
        null,
        1,
        null,
        null,
        null,
        1,
        null,
        1,
        null,
        1,
        2,
        2,
        null,
        null,
        0,
        0,
        null,
        null,
        null,
        null,
        null,
        null,
        null,
        1,
        2,
        null,
        null,
        null,
        null,
        null,
        1,
        2,
        2,
        null,
        null
      ],
      "/Users/delton/WorkSpace/Midori/midori-contrib/lib/midori-contrib/sequel/postgres.rb": [
        1,
        1,
        null,
        null,
        1,
        null,
        null,
        null,
        1,
        null,
        null,
        null,
        null,
        1,
        10,
        10,
        1,
        null,
        10,
        10,
        10,
        10,
        20,
        20,
        null,
        10,
        10,
        10,
        null,
        null,
        null,
        10,
        10,
        null,
        null,
        null,
        null,
        0,
        null,
        null,
        null,
        null,
        null,
        null,
        null
      ]
    },
    "timestamp": 1497454496
  }
}
